<?xml version="1.0" encoding="UTF-8"?>
<!-- Generated by org.testng.reporters.JUnitReportReporter -->
<testsuite skipped="0" hostname="DESKTOP-08J39R4" name="porscheTesting.PorscheTesting" tests="1" failures="0" timestamp="28 Jun 2018 16:19:46 GMT" time="19.674" errors="0">
  <testcase name="buyingPorsche" time="19.674" classname="porscheTesting.PorscheTesting"/>
</testsuite> <!-- porscheTesting.PorscheTesting -->
